<?xml version="1.0" encoding="UTF-8"?>
<!-- Generated by org.testng.reporters.JUnitXMLReporter -->
<testsuite ignored="3" hostname="DESKTOP-E83PQSV" failures="0" tests="3" name="Test" time="22.534" errors="0" timestamp="2024-11-22T01:11:59 IST">
  <testcase classname="POM_TestPackage.RishiTestSort" name="testSort" time="9.189"/>
  <testcase classname="POM_TestPackage.RishiTestEnquiry" name="testEnquiry" time="0.675"/>
  <testcase classname="POM_TestPackage.RishiTestLogin" name="testLogin" time="3.055"/>
  <testcase classname="BaseClassPackage.RishiHerbalBase" name="@BeforeTest setUP" time="0.0">
    <ignored/>
  </testcase> <!-- @BeforeTest setUP -->
  <testcase classname="BaseClassPackage.RishiHerbalBase" name="@BeforeTest setUP" time="0.0">
    <ignored/>
  </testcase> <!-- @BeforeTest setUP -->
  <testcase classname="BaseClassPackage.RishiHerbalBase" name="@BeforeTest setUP" time="0.0">
    <ignored/>
  </testcase> <!-- @BeforeTest setUP -->
</testsuite> <!-- Test -->
