<?xml version="1.0" encoding="UTF-8"?>
<testng-results ignored="3" total="6" passed="3" failed="0" skipped="0">
  <reporter-output>
  </reporter-output>
  <suite started-at="2024-11-22T01:11:36 IST" name="Suite" finished-at="2024-11-22T01:11:58 IST" duration-ms="22534">
    <groups>
    </groups>
    <test started-at="2024-11-22T01:11:36 IST" name="Test" finished-at="2024-11-22T01:11:58 IST" duration-ms="22534">
      <class name="POM_TestPackage.RishiTestSort">
        <test-method signature="testSort()[pri:0, instance:POM_TestPackage.RishiTestSort@74ea2410]" started-at="2024-11-22T01:11:46 IST" name="testSort" finished-at="2024-11-22T01:11:55 IST" duration-ms="9189" status="PASS">
          <reporter-output>
          </reporter-output>
        </test-method> <!-- testSort -->
      </class> <!-- POM_TestPackage.RishiTestSort -->
      <class name="BaseClassPackage.RishiHerbalBase">
        <test-method is-config="true" signature="setUP()[pri:0, instance:BaseClassPackage.RishiHerbalBase@6892b3b6]" started-at="2024-11-22T01:11:36 IST" name="setUP" finished-at="2024-11-22T01:11:45 IST" duration-ms="9521" status="PASS">
          <reporter-output>
          </reporter-output>
        </test-method> <!-- setUP -->
      </class> <!-- BaseClassPackage.RishiHerbalBase -->
      <class name="POM_TestPackage.RishiTestEnquiry">
        <test-method signature="testEnquiry()[pri:0, instance:POM_TestPackage.RishiTestEnquiry@17f62e33]" started-at="2024-11-22T01:11:55 IST" name="testEnquiry" finished-at="2024-11-22T01:11:55 IST" duration-ms="675" status="PASS">
          <reporter-output>
          </reporter-output>
        </test-method> <!-- testEnquiry -->
      </class> <!-- POM_TestPackage.RishiTestEnquiry -->
      <class name="POM_TestPackage.RishiTestLogin">
        <test-method signature="testLogin()[pri:0, instance:POM_TestPackage.RishiTestLogin@76b1e9b8]" started-at="2024-11-22T01:11:55 IST" name="testLogin" finished-at="2024-11-22T01:11:58 IST" duration-ms="3055" status="PASS">
          <reporter-output>
          </reporter-output>
        </test-method> <!-- testLogin -->
      </class> <!-- POM_TestPackage.RishiTestLogin -->
    </test> <!-- Test -->
  </suite> <!-- Suite -->
</testng-results>
